<?xml version="1.0" encoding="UTF-8"?>
<!-- Generated by org.testng.reporters.JUnitXMLReporter -->
<testsuite ignored="0" hostname="DESKTOP-468S6OP" failures="0" tests="3" name="Test" time="0.085" errors="0" timestamp="2022-02-15T19:52:50 IST">
  <testcase classname="com.kowsalya.project.TestNGG" name="appleIphone" time="0.01"/>
  <testcase classname="com.kowsalya.project.TestNGG" name="redmi" time="0.0"/>
  <testcase classname="com.kowsalya.project.TestNGG" name="samsung" time="0.0"/>
</testsuite> <!-- Test -->
