<?xml version="1.0" encoding="UTF-8"?>
<!-- Generated by org.testng.reporters.JUnitXMLReporter -->
<testsuite ignored="0" hostname="DESKTOP-468S6OP" failures="0" tests="3" name="Default test" time="0.096" errors="0" timestamp="2022-02-15T19:46:10 IST">
  <testcase classname="com.kowsalya.project.TestNGG" name="appleIphone" time="0.01"/>
  <testcase classname="com.kowsalya.project.TestNGG" name="redmi" time="0.0"/>
  <testcase classname="com.kowsalya.project.TestNGG" name="samsung" time="0.005"/>
</testsuite> <!-- Default test -->
